<?xml version="1.0" encoding="UTF-8"?>
<testsuite xmlns:xsi="http://www.w3.org/2001/XMLSchema-instance" xsi:noNamespaceSchemaLocation="https://maven.apache.org/surefire/maven-surefire-plugin/xsd/surefire-test-report.xsd" version="3.0.2" name="com.taskmanagement.task_manager.TaskManagerApplicationTests" time="2.893" tests="1" errors="0" skipped="0" failures="0">
  <properties>
[...]
</properties>
  <testcase name="contextLoads" classname="com.taskmanagement.task_manager.TaskManagerApplicationTests" time="0.008">
    <system-out><![CDATA[19:57:15.057 [main] INFO org.springframework.test.context.support.AnnotationConfigContextLoaderUtils -- Could not detect default configuration classes for test class [com.taskmanagement.task_manager.TaskManagerApplicationTests]: TaskManagerApplicationTests does not declare any static, non-private, non-final, nested classes annotated with @Configuration.
19:57:15.092 [main] INFO org.springframework.boot.test.context.SpringBootTestContextBootstrapper -- Found @SpringBootConfiguration com.taskmanagement.TaskApplication for test class com.taskmanagement.task_manager.TaskManagerApplicationTests
19:57:15.161 [main] INFO org.springframework.boot.devtools.restart.RestartApplicationListener -- Restart disabled due to context in which it is running

  .   ____          _            __ _ _
 /\\ / ___'_ __ _ _(_)_ __  __ _ \ \ \ \
( ( )\___ | '_ | '_| | '_ \/ _` | \ \ \ \
 \\/  ___)| |_)| | | | | || (_| |  ) ) ) )
  '  |____| .__|_| |_|_| |_\__, | / / / /
 =========|_|==============|___/=/_/_/_/

 :: Spring Boot ::                (v3.5.6)

2025-11-16T19:57:15.326+07:00  INFO 33824 --- [task-manager] [           main] c.t.t.TaskManagerApplicationTests        : Starting TaskManagerApplicationTests using Java 25.0.1 with PID 33824 (started by ASUS in D:\Work\side-projects\uni-projects\pdm-task-be\taskmanager_back-end\task-manager)
2025-11-16T19:57:15.327+07:00 DEBUG 33824 --- [task-manager] [           main] c.t.t.TaskManagerApplicationTests        : Running with Spring Boot v3.5.6, Spring v6.2.11
2025-11-16T19:57:15.327+07:00  INFO 33824 --- [task-manager] [           main] c.t.t.TaskManagerApplicationTests        : No active profile set, falling back to 1 default profile: "default"
2025-11-16T19:57:15.880+07:00  INFO 33824 --- [task-manager] [           main] .s.d.r.c.RepositoryConfigurationDelegate : Bootstrapping Spring Data JPA repositories in DEFAULT mode.
2025-11-16T19:57:15.911+07:00  INFO 33824 --- [task-manager] [           main] .s.d.r.c.RepositoryConfigurationDelegate : Finished Spring Data repository scanning in 23 ms. Found 1 JPA repository interface.
2025-11-16T19:57:16.214+07:00  INFO 33824 --- [task-manager] [           main] o.hibernate.jpa.internal.util.LogHelper  : HHH000204: Processing PersistenceUnitInfo [name: default]
2025-11-16T19:57:16.256+07:00  INFO 33824 --- [task-manager] [           main] org.hibernate.Version                    : HHH000412: Hibernate ORM core version 6.6.29.Final
2025-11-16T19:57:16.280+07:00  INFO 33824 --- [task-manager] [           main] o.h.c.internal.RegionFactoryInitiator    : HHH000026: Second-level cache disabled
2025-11-16T19:57:16.363+07:00  INFO 33824 --- [task-manager] [           main] o.s.o.j.p.SpringPersistenceUnitInfo      : No LoadTimeWeaver setup: ignoring JPA class transformer
2025-11-16T19:57:16.380+07:00  INFO 33824 --- [task-manager] [           main] com.zaxxer.hikari.HikariDataSource       : HikariPool-1 - Starting...
2025-11-16T19:57:16.492+07:00  INFO 33824 --- [task-manager] [           main] com.zaxxer.hikari.pool.HikariPool        : HikariPool-1 - Added connection com.mysql.cj.jdbc.ConnectionImpl@3b590f6a
2025-11-16T19:57:16.493+07:00  INFO 33824 --- [task-manager] [           main] com.zaxxer.hikari.HikariDataSource       : HikariPool-1 - Start completed.
2025-11-16T19:57:16.520+07:00  WARN 33824 --- [task-manager] [           main] org.hibernate.orm.deprecation            : HHH90000025: MySQL8Dialect does not need to be specified explicitly using 'hibernate.dialect' (remove the property setting and it will be selected by default)
2025-11-16T19:57:16.521+07:00  WARN 33824 --- [task-manager] [           main] org.hibernate.orm.deprecation            : HHH90000026: MySQL8Dialect has been deprecated; use org.hibernate.dialect.MySQLDialect instead
2025-11-16T19:57:16.530+07:00  INFO 33824 --- [task-manager] [           main] org.hibernate.orm.connections.pooling    : HHH10001005: Database info:
	Database JDBC URL [Connecting through datasource 'HikariDataSource (HikariPool-1)']
	Database driver: undefined/unknown
	Database version: 8.0
	Autocommit mode: undefined/unknown
	Isolation level: undefined/unknown
	Minimum pool size: undefined/unknown
	Maximum pool size: undefined/unknown
2025-11-16T19:57:17.119+07:00  INFO 33824 --- [task-manager] [           main] o.h.e.t.j.p.i.JtaPlatformInitiator       : HHH000489: No JTA platform available (set 'hibernate.transaction.jta.platform' to enable JTA platform integration)
2025-11-16T19:57:17.151+07:00  INFO 33824 --- [task-manager] [           main] j.LocalContainerEntityManagerFactoryBean : Initialized JPA EntityManagerFactory for persistence unit 'default'
2025-11-16T19:57:17.408+07:00  WARN 33824 --- [task-manager] [           main] JpaBaseConfiguration$JpaWebConfiguration : spring.jpa.open-in-view is enabled by default. Therefore, database queries may be performed during view rendering. Explicitly configure spring.jpa.open-in-view to disable this warning
2025-11-16T19:57:17.623+07:00  INFO 33824 --- [task-manager] [           main] o.s.b.a.e.web.EndpointLinksResolver      : Exposing 1 endpoint beneath base path '/actuator'
2025-11-16T19:57:17.639+07:00  WARN 33824 --- [task-manager] [           main] .s.s.UserDetailsServiceAutoConfiguration : 

Using generated security password: ed592f74-040a-460e-990a-05001686da4f

This generated password is for development use only. Your security configuration must be updated before running your application in production.

2025-11-16T19:57:17.644+07:00  INFO 33824 --- [task-manager] [           main] r$InitializeUserDetailsManagerConfigurer : Global AuthenticationManager configured with UserDetailsService bean with name inMemoryUserDetailsManager
2025-11-16T19:57:17.654+07:00 DEBUG 33824 --- [task-manager] [           main] o.s.s.web.DefaultSecurityFilterChain     : Will secure any request with filters: DisableEncodeUrlFilter, WebAsyncManagerIntegrationFilter, SecurityContextHolderFilter, HeaderWriterFilter, LogoutFilter, RequestCacheAwareFilter, SecurityContextHolderAwareRequestFilter, AnonymousAuthenticationFilter, ExceptionTranslationFilter, AuthorizationFilter
2025-11-16T19:57:17.858+07:00  INFO 33824 --- [task-manager] [           main] c.t.t.TaskManagerApplicationTests        : Started TaskManagerApplicationTests in 2.7 seconds (process running for 4.299)
]]></system-out>
  </testcase>
</testsuite>